<?xml version="1.0" encoding="UTF-8"?>
<!-- Generated by org.testng.reporters.JUnitXMLReporter -->
<testsuite hostname="EPINPUNW00A1" failures="0" tests="36" name="Default test" time="370.512" errors="0" timestamp="26 May 2023 07:51:36 GMT">
  <testcase classname="com.typicode.test.TypicodeTest3" name="typicode_test_001_verifyResourcePostsSpecificId" time="10.324"/>
  <testcase classname="com.typicode.test.TypicodeTest3" name="typicode_test_002_verifyResourcePostsAllId" time="9.289"/>
  <testcase classname="com.typicode.test.TypicodeTest3" name="typicode_test_003_verifyResourceCommentsAllId" time="12.14"/>
  <testcase classname="com.typicode.test.TypicodeTest3" name="typicode_test_004_verifyResourceAlbumsAllId" time="9.062"/>
  <testcase classname="com.typicode.test.TypicodeTest3" name="typicode_test_005_verifyResourcePhotosAllId" time="39.005"/>
  <testcase classname="com.typicode.test.TypicodeTest3" name="typicode_test_006_verifyResourceTodosAllId" time="9.224"/>
  <testcase classname="com.typicode.test.TypicodeTest3" name="typicode_test_007_verifyResourceUsersAllId" time="8.264"/>
  <testcase classname="com.typicode.test.TypicodeTest3" name="typicode_test_008_verifyResourceCommentsSpecificId" time="9.277"/>
  <testcase classname="com.typicode.test.TypicodeTest3" name="typicode_test_009_verifyResourceAlbumsSpecificId" time="8.432"/>
  <testcase classname="com.typicode.test.TypicodeTest3" name="typicode_test_010_verifyResourcePhotosSpecificId" time="20.186"/>
  <testcase classname="com.typicode.test.TypicodeTest3" name="typicode_test_011_verifyResourceTodosSpecificId" time="8.582"/>
  <testcase classname="com.typicode.test.TypicodeTest3" name="typicode_test_012_verifyResourceUsersSpecificId" time="8.316"/>
  <testcase classname="com.typicode.test.TypicodeTest3" name="typicode_test_013_updateResourcePostsSpecificId" time="10.145"/>
  <testcase classname="com.typicode.test.TypicodeTest3" name="typicode_test_014_updateResourceCommentsSpecificId" time="9.051"/>
  <testcase classname="com.typicode.test.TypicodeTest3" name="typicode_test_015_updateResourceAlbumsSpecificId" time="8.932"/>
  <testcase classname="com.typicode.test.TypicodeTest3" name="typicode_test_016_updateResourcePhotosSpecificId" time="8.938"/>
  <testcase classname="com.typicode.test.TypicodeTest3" name="typicode_test_017_updateResourceTodosSpecificId" time="9.009"/>
  <testcase classname="com.typicode.test.TypicodeTest3" name="typicode_test_018_updateResourceUsersSpecificId" time="8.911"/>
  <testcase classname="com.typicode.test.TypicodeTest3" name="typicode_test_019_createResourcePosts" time="8.946"/>
  <testcase classname="com.typicode.test.TypicodeTest3" name="typicode_test_020_createResourceComments" time="9.024"/>
  <testcase classname="com.typicode.test.TypicodeTest3" name="typicode_test_021_createResourceAlbums" time="8.945"/>
  <testcase classname="com.typicode.test.TypicodeTest3" name="typicode_test_022_createResourcePhotos" time="8.933"/>
  <testcase classname="com.typicode.test.TypicodeTest3" name="typicode_test_023_createResourceTodos" time="8.981"/>
  <testcase classname="com.typicode.test.TypicodeTest3" name="typicode_test_024_createResourceUsers" time="8.915"/>
  <testcase classname="com.typicode.test.TypicodeTest3" name="typicode_test_025_deleteResourcePosts" time="9.137"/>
  <testcase classname="com.typicode.test.TypicodeTest3" name="typicode_test_026_deleteResourceComments" time="8.875"/>
  <testcase classname="com.typicode.test.TypicodeTest3" name="typicode_test_027_deleteResourceAlbums" time="8.877"/>
  <testcase classname="com.typicode.test.TypicodeTest3" name="typicode_test_028_deleteResourcePhotos" time="8.848"/>
  <testcase classname="com.typicode.test.TypicodeTest3" name="typicode_test_029_deleteResourceTodos" time="9.031"/>
  <testcase classname="com.typicode.test.TypicodeTest3" name="typicode_test_030_deleteResourceUsers" time="8.925"/>
  <testcase classname="com.typicode.test.TypicodeTest3" name="typicode_test_031_createResourcePosts" time="8.877"/>
  <testcase classname="com.typicode.test.TypicodeTest3" name="typicode_test_032_createResourceComments" time="9.022"/>
  <testcase classname="com.typicode.test.TypicodeTest3" name="typicode_test_033_createResourceAlbums" time="9.085"/>
  <testcase classname="com.typicode.test.TypicodeTest3" name="typicode_test_034_createResourcePhotos" time="8.876"/>
  <testcase classname="com.typicode.test.TypicodeTest3" name="typicode_test_035_createResourceTodos" time="8.956"/>
  <testcase classname="com.typicode.test.TypicodeTest3" name="typicode_test_036_createResourceUsers" time="8.921"/>
</testsuite> <!-- Default test -->
