<?xml version="1.0" encoding="UTF-8"?>
<!-- Generated by org.testng.reporters.JUnitXMLReporter -->
<testsuite hostname="EPINPUNW00A1" failures="0" tests="36" name="Test" time="374.508" errors="0" timestamp="27 May 2023 05:37:41 GMT">
  <testcase classname="com.typicode.test.TypicodeTest3" name="typicode_test_001_verifyResourcePostsSpecificId" time="10.343"/>
  <testcase classname="com.typicode.test.TypicodeTest3" name="typicode_test_002_verifyResourcePostsAllId" time="10.798"/>
  <testcase classname="com.typicode.test.TypicodeTest3" name="typicode_test_003_verifyResourceCommentsAllId" time="12.616"/>
  <testcase classname="com.typicode.test.TypicodeTest3" name="typicode_test_004_verifyResourceAlbumsAllId" time="8.765"/>
  <testcase classname="com.typicode.test.TypicodeTest3" name="typicode_test_005_verifyResourcePhotosAllId" time="41.244"/>
  <testcase classname="com.typicode.test.TypicodeTest3" name="typicode_test_006_verifyResourceTodosAllId" time="8.933"/>
  <testcase classname="com.typicode.test.TypicodeTest3" name="typicode_test_007_verifyResourceUsersAllId" time="8.178"/>
  <testcase classname="com.typicode.test.TypicodeTest3" name="typicode_test_008_verifyResourceCommentsSpecificId" time="9.118"/>
  <testcase classname="com.typicode.test.TypicodeTest3" name="typicode_test_009_verifyResourceAlbumsSpecificId" time="8.295"/>
  <testcase classname="com.typicode.test.TypicodeTest3" name="typicode_test_010_verifyResourcePhotosSpecificId" time="20.655"/>
  <testcase classname="com.typicode.test.TypicodeTest3" name="typicode_test_011_verifyResourceTodosSpecificId" time="8.554"/>
  <testcase classname="com.typicode.test.TypicodeTest3" name="typicode_test_012_verifyResourceUsersSpecificId" time="8.137"/>
  <testcase classname="com.typicode.test.TypicodeTest3" name="typicode_test_013_updateResourcePostsSpecificId" time="8.99"/>
  <testcase classname="com.typicode.test.TypicodeTest3" name="typicode_test_014_updateResourceCommentsSpecificId" time="8.818"/>
  <testcase classname="com.typicode.test.TypicodeTest3" name="typicode_test_015_updateResourceAlbumsSpecificId" time="8.837"/>
  <testcase classname="com.typicode.test.TypicodeTest3" name="typicode_test_016_updateResourcePhotosSpecificId" time="9.006"/>
  <testcase classname="com.typicode.test.TypicodeTest3" name="typicode_test_017_updateResourceTodosSpecificId" time="9.029"/>
  <testcase classname="com.typicode.test.TypicodeTest3" name="typicode_test_018_updateResourceUsersSpecificId" time="8.959"/>
  <testcase classname="com.typicode.test.TypicodeTest3" name="typicode_test_019_createResourcePosts" time="8.986"/>
  <testcase classname="com.typicode.test.TypicodeTest3" name="typicode_test_020_createResourceComments" time="9.019"/>
  <testcase classname="com.typicode.test.TypicodeTest3" name="typicode_test_021_createResourceAlbums" time="8.988"/>
  <testcase classname="com.typicode.test.TypicodeTest3" name="typicode_test_022_createResourcePhotos" time="8.996"/>
  <testcase classname="com.typicode.test.TypicodeTest3" name="typicode_test_023_createResourceTodos" time="9.021"/>
  <testcase classname="com.typicode.test.TypicodeTest3" name="typicode_test_024_createResourceUsers" time="8.938"/>
  <testcase classname="com.typicode.test.TypicodeTest3" name="typicode_test_025_deleteResourcePosts" time="8.806"/>
  <testcase classname="com.typicode.test.TypicodeTest3" name="typicode_test_026_deleteResourceComments" time="8.846"/>
  <testcase classname="com.typicode.test.TypicodeTest3" name="typicode_test_027_deleteResourceAlbums" time="8.888"/>
  <testcase classname="com.typicode.test.TypicodeTest3" name="typicode_test_028_deleteResourcePhotos" time="8.878"/>
  <testcase classname="com.typicode.test.TypicodeTest3" name="typicode_test_029_deleteResourceTodos" time="8.851"/>
  <testcase classname="com.typicode.test.TypicodeTest3" name="typicode_test_030_deleteResourceUsers" time="8.88"/>
  <testcase classname="com.typicode.test.TypicodeTest3" name="typicode_test_031_createResourcePosts" time="9.034"/>
  <testcase classname="com.typicode.test.TypicodeTest3" name="typicode_test_032_createResourceComments" time="9.067"/>
  <testcase classname="com.typicode.test.TypicodeTest3" name="typicode_test_033_createResourceAlbums" time="8.854"/>
  <testcase classname="com.typicode.test.TypicodeTest3" name="typicode_test_034_createResourcePhotos" time="8.993"/>
  <testcase classname="com.typicode.test.TypicodeTest3" name="typicode_test_035_createResourceTodos" time="8.834"/>
  <testcase classname="com.typicode.test.TypicodeTest3" name="typicode_test_036_createResourceUsers" time="8.846"/>
</testsuite> <!-- Test -->
