<?xml version="1.0" encoding="UTF-8"?>
<!-- Generated by org.testng.reporters.JUnitXMLReporter -->
<testsuite hostname="EPINPUNW00A1" failures="0" tests="36" name="Test" time="315.399" errors="0" timestamp="28 May 2023 11:06:31 GMT">
  <testcase classname="com.typicode.test.TypicodeTest3" name="typicode_test_001_verifyResourcePostsSpecificId" time="9.298"/>
  <testcase classname="com.typicode.test.TypicodeTest3" name="typicode_test_002_verifyResourcePostsAllId" time="8.154"/>
  <testcase classname="com.typicode.test.TypicodeTest3" name="typicode_test_003_verifyResourceCommentsAllId" time="8.228"/>
  <testcase classname="com.typicode.test.TypicodeTest3" name="typicode_test_004_verifyResourceAlbumsAllId" time="8.137"/>
  <testcase classname="com.typicode.test.TypicodeTest3" name="typicode_test_005_verifyResourcePhotosAllId" time="8.381"/>
  <testcase classname="com.typicode.test.TypicodeTest3" name="typicode_test_006_verifyResourceTodosAllId" time="8.777"/>
  <testcase classname="com.typicode.test.TypicodeTest3" name="typicode_test_007_verifyResourceUsersAllId" time="8.129"/>
  <testcase classname="com.typicode.test.TypicodeTest3" name="typicode_test_008_verifyResourceCommentsSpecificId" time="8.195"/>
  <testcase classname="com.typicode.test.TypicodeTest3" name="typicode_test_009_verifyResourceAlbumsSpecificId" time="8.132"/>
  <testcase classname="com.typicode.test.TypicodeTest3" name="typicode_test_010_verifyResourcePhotosSpecificId" time="8.319"/>
  <testcase classname="com.typicode.test.TypicodeTest3" name="typicode_test_011_verifyResourceTodosSpecificId" time="8.11"/>
  <testcase classname="com.typicode.test.TypicodeTest3" name="typicode_test_012_verifyResourceUsersSpecificId" time="8.102"/>
  <testcase classname="com.typicode.test.TypicodeTest3" name="typicode_test_013_updateResourcePostsSpecificId" time="9.53"/>
  <testcase classname="com.typicode.test.TypicodeTest3" name="typicode_test_014_updateResourceCommentsSpecificId" time="8.968"/>
  <testcase classname="com.typicode.test.TypicodeTest3" name="typicode_test_015_updateResourceAlbumsSpecificId" time="8.864"/>
  <testcase classname="com.typicode.test.TypicodeTest3" name="typicode_test_016_updateResourcePhotosSpecificId" time="8.987"/>
  <testcase classname="com.typicode.test.TypicodeTest3" name="typicode_test_017_updateResourceTodosSpecificId" time="8.901"/>
  <testcase classname="com.typicode.test.TypicodeTest3" name="typicode_test_018_updateResourceUsersSpecificId" time="8.858"/>
  <testcase classname="com.typicode.test.TypicodeTest3" name="typicode_test_019_createResourcePosts" time="8.919"/>
  <testcase classname="com.typicode.test.TypicodeTest3" name="typicode_test_020_createResourceComments" time="8.95"/>
  <testcase classname="com.typicode.test.TypicodeTest3" name="typicode_test_021_createResourceAlbums" time="8.944"/>
  <testcase classname="com.typicode.test.TypicodeTest3" name="typicode_test_022_createResourcePhotos" time="8.979"/>
  <testcase classname="com.typicode.test.TypicodeTest3" name="typicode_test_023_createResourceTodos" time="8.937"/>
  <testcase classname="com.typicode.test.TypicodeTest3" name="typicode_test_024_createResourceUsers" time="8.926"/>
  <testcase classname="com.typicode.test.TypicodeTest3" name="typicode_test_025_deleteResourcePosts" time="8.775"/>
  <testcase classname="com.typicode.test.TypicodeTest3" name="typicode_test_026_deleteResourceComments" time="8.804"/>
  <testcase classname="com.typicode.test.TypicodeTest3" name="typicode_test_027_deleteResourceAlbums" time="8.779"/>
  <testcase classname="com.typicode.test.TypicodeTest3" name="typicode_test_028_deleteResourcePhotos" time="8.793"/>
  <testcase classname="com.typicode.test.TypicodeTest3" name="typicode_test_029_deleteResourceTodos" time="8.775"/>
  <testcase classname="com.typicode.test.TypicodeTest3" name="typicode_test_030_deleteResourceUsers" time="8.751"/>
  <testcase classname="com.typicode.test.TypicodeTest3" name="typicode_test_031_createResourcePosts" time="8.945"/>
  <testcase classname="com.typicode.test.TypicodeTest3" name="typicode_test_032_createResourceComments" time="8.907"/>
  <testcase classname="com.typicode.test.TypicodeTest3" name="typicode_test_033_createResourceAlbums" time="8.884"/>
  <testcase classname="com.typicode.test.TypicodeTest3" name="typicode_test_034_createResourcePhotos" time="8.851"/>
  <testcase classname="com.typicode.test.TypicodeTest3" name="typicode_test_035_createResourceTodos" time="8.847"/>
  <testcase classname="com.typicode.test.TypicodeTest3" name="typicode_test_036_createResourceUsers" time="8.802"/>
</testsuite> <!-- Test -->
